<?xml version="1.0" encoding="UTF-8"?>
<!-- Generated by org.testng.reporters.JUnitReportReporter -->
<testsuite hostname="CAMI-PC" failures="0" tests="1" name="pruebas.Clase8Test" time="0.000" errors="0" timestamp="2023-06-08T21:39:38 ART" skipped="1">
  <testcase classname="pruebas.Clase8Test" name="login" time="0.000">
    <skipped/>
  </testcase> <!-- login -->
  <system-out/>
</testsuite> <!-- pruebas.Clase8Test -->
