<?xml version="1.0" encoding="UTF-8"?>
<!-- Generated by org.testng.reporters.JUnitReportReporter -->
<testsuite hostname="CAMI-PC" failures="0" tests="1" name="Edit.EducacionIT.Clase4Test" time="18.424" errors="0" timestamp="2023-06-07T17:53:57 ART" skipped="0">
  <testcase classname="Edit.EducacionIT.Clase4Test" name="registrarUsuario" time="18.424"/>
  <system-out/>
</testsuite> <!-- Edit.EducacionIT.Clase4Test -->
