<?xml version="1.0" encoding="UTF-8"?>
<!-- Generated by org.testng.reporters.JUnitReportReporter -->
<testsuite hostname="CAMI-PC" failures="0" tests="2" name="Edit.EducacionIT.Clase2test" time="15.245" errors="0" timestamp="2023-05-30T21:00:39 ART" skipped="0">
  <testcase classname="Edit.EducacionIT.Clase2test" name="buscarPalabraChrome" time="8.265"/>
  <system-out/>
  <testcase classname="Edit.EducacionIT.Clase2test" name="buscarPalabraFirefox" time="6.980"/>
  <system-out/>
</testsuite> <!-- Edit.EducacionIT.Clase2test -->
