<?xml version="1.0" encoding="UTF-8"?>
<!-- Generated by org.testng.reporters.JUnitReportReporter -->
<testsuite hostname="CAMI-PC" failures="0" tests="1" name="pruebas.Clase7Test" time="1.769" errors="0" timestamp="2023-06-08T19:18:32 ART" skipped="0">
  <testcase classname="pruebas.Clase7Test" name="login" time="1.769"/>
  <system-out/>
</testsuite> <!-- pruebas.Clase7Test -->
