<?xml version="1.0" encoding="UTF-8"?>
<!-- Generated by org.testng.reporters.JUnitReportReporter -->
<testsuite hostname="CAMI-PC" failures="0" tests="1" name="Edit.EducacionIT.AppTest" time="0.001" errors="0" timestamp="2023-05-30T21:00:39 ART" skipped="0">
  <testcase classname="Edit.EducacionIT.AppTest" name="shouldAnswerWithTrue" time="0.001"/>
  <system-out/>
</testsuite> <!-- Edit.EducacionIT.AppTest -->
