<?xml version="1.0" encoding="UTF-8"?>
<!-- Generated by org.testng.reporters.JUnitReportReporter -->
<testsuite hostname="CAMI-PC" failures="0" tests="1" name="Edit.EducacionIT.Clase5Test" time="16.152" errors="0" timestamp="2023-06-08T17:38:17 ART" skipped="0">
  <testcase classname="Edit.EducacionIT.Clase5Test" name="irAContactanos" time="16.152"/>
  <system-out/>
</testsuite> <!-- Edit.EducacionIT.Clase5Test -->
